{"client_ip":"::1","level":"info","msg":"","req_method":"POST","req_uri":"/register/","status_code":200,"time":"2021-05-02 14:54:23"}
{"client_ip":"::1","level":"info","msg":"","req_method":"POST","req_uri":"/register/","status_code":200,"time":"2021-05-02 14:55:14"}
time="2021-05-02T14:55:14+08:00" level=info client_ip="::1" req_method=POST req_uri=/register/ status_code=200
{"client_ip":"::1","level":"info","msg":"","req_method":"POST","req_uri":"/register/","status_code":200,"time":"2021-05-02 14:55:30"}
time="2021-05-02T14:55:30+08:00" level=info client_ip="::1" req_method=POST req_uri=/register/ status_code=200
{"client_ip":"::1","level":"info","msg":"","req_method":"POST","req_uri":"/login/","status_code":200,"time":"2021-05-02 14:58:39"}
time="2021-05-02T14:58:39+08:00" level=info client_ip="::1" req_method=POST req_uri=/login/ status_code=200
{"client_ip":"::1","level":"info","msg":"","req_method":"POST","req_uri":"/login/","status_code":200,"time":"2021-05-02 14:58:43"}
time="2021-05-02T14:58:43+08:00" level=info client_ip="::1" req_method=POST req_uri=/login/ status_code=200
{"client_ip":"::1","level":"info","msg":"","req_method":"POST","req_uri":"/login/","status_code":200,"time":"2021-05-02 15:01:26"}
time="2021-05-02T15:01:26+08:00" level=info client_ip="::1" req_method=POST req_uri=/login/ status_code=200
{"client_ip":"::1","level":"info","msg":"","req_method":"POST","req_uri":"/login/","status_code":200,"time":"2021-05-02 15:03:47"}
time="2021-05-02T15:03:47+08:00" level=info client_ip="::1" req_method=POST req_uri=/login/ status_code=200
{"client_ip":"::1","level":"info","msg":"","req_method":"POST","req_uri":"/login/","status_code":200,"time":"2021-05-02 15:05:06"}
time="2021-05-02T15:05:06+08:00" level=info client_ip="::1" req_method=POST req_uri=/login/ status_code=200
{"client_ip":"::1","level":"info","msg":"","req_method":"POST","req_uri":"/login/","status_code":200,"time":"2021-05-02 15:05:56"}
time="2021-05-02T15:05:56+08:00" level=info client_ip="::1" req_method=POST req_uri=/login/ status_code=200
{"client_ip":"::1","level":"info","msg":"","req_method":"POST","req_uri":"/login/","status_code":200,"time":"2021-05-02 15:06:01"}
time="2021-05-02T15:06:01+08:00" level=info client_ip="::1" req_method=POST req_uri=/login/ status_code=200
{"client_ip":"::1","level":"info","msg":"","req_method":"POST","req_uri":"/login/","status_code":200,"time":"2021-05-02 15:07:33"}
time="2021-05-02T15:07:33+08:00" level=info client_ip="::1" req_method=POST req_uri=/login/ status_code=200
{"client_ip":"::1","level":"info","msg":"","req_method":"POST","req_uri":"/login/","status_code":200,"time":"2021-05-02 15:20:47"}
time="2021-05-02T15:20:47+08:00" level=info client_ip="::1" req_method=POST req_uri=/login/ status_code=200
{"client_ip":"::1","level":"info","msg":"","req_method":"GET","req_uri":"/account/","status_code":200,"time":"2021-05-02 15:21:00"}
time="2021-05-02T15:21:00+08:00" level=info client_ip="::1" req_method=GET req_uri=/account/ status_code=200
{"client_ip":"::1","level":"info","msg":"","req_method":"GET","req_uri":"/account/","status_code":200,"time":"2021-05-02 15:23:16"}
time="2021-05-02T15:23:16+08:00" level=info client_ip="::1" req_method=GET req_uri=/account/ status_code=200
{"client_ip":"::1","level":"info","msg":"","req_method":"GET","req_uri":"/account/","status_code":200,"time":"2021-05-02 15:25:22"}
time="2021-05-02T15:25:22+08:00" level=info client_ip="::1" req_method=GET req_uri=/account/ status_code=200
{"client_ip":"::1","level":"info","msg":"","req_method":"GET","req_uri":"/account/","status_code":200,"time":"2021-05-02 15:25:50"}
time="2021-05-02T15:25:50+08:00" level=info client_ip="::1" req_method=GET req_uri=/account/ status_code=200
{"client_ip":"::1","level":"info","msg":"","req_method":"GET","req_uri":"/account/","status_code":200,"time":"2021-05-02 15:26:22"}
time="2021-05-02T15:26:22+08:00" level=info client_ip="::1" req_method=GET req_uri=/account/ status_code=200
{"client_ip":"::1","level":"info","msg":"","req_method":"GET","req_uri":"/account/","status_code":200,"time":"2021-05-02 15:26:57"}
time="2021-05-02T15:26:57+08:00" level=info client_ip="::1" req_method=GET req_uri=/account/ status_code=200
{"client_ip":"::1","level":"info","msg":"","req_method":"GET","req_uri":"/account/","status_code":200,"time":"2021-05-02 15:28:18"}
time="2021-05-02T15:28:18+08:00" level=info client_ip="::1" req_method=GET req_uri=/account/ status_code=200
{"client_ip":"::1","level":"info","msg":"","req_method":"GET","req_uri":"/account/","status_code":200,"time":"2021-05-02 15:30:19"}
time="2021-05-02T15:30:19+08:00" level=info client_ip="::1" req_method=GET req_uri=/account/ status_code=200
{"client_ip":"::1","level":"info","msg":"","req_method":"GET","req_uri":"/account/1","status_code":200,"time":"2021-05-02 15:34:28"}
time="2021-05-02T15:34:28+08:00" level=info client_ip="::1" req_method=GET req_uri=/account/1 status_code=200
{"client_ip":"::1","level":"info","msg":"","req_method":"GET","req_uri":"/account/1","status_code":200,"time":"2021-05-02 15:35:39"}
time="2021-05-02T15:35:39+08:00" level=info client_ip="::1" req_method=GET req_uri=/account/1 status_code=200
{"client_ip":"::1","level":"info","msg":"","req_method":"GET","req_uri":"/account/1","status_code":200,"time":"2021-05-02 15:36:52"}
time="2021-05-02T15:36:52+08:00" level=info client_ip="::1" req_method=GET req_uri=/account/1 status_code=200
{"client_ip":"::1","level":"info","msg":"","req_method":"GET","req_uri":"/account/","status_code":200,"time":"2021-05-02 16:05:51"}
time="2021-05-02T16:05:51+08:00" level=info client_ip="::1" req_method=GET req_uri=/account/ status_code=200
{"client_ip":"::1","level":"info","msg":"","req_method":"GET","req_uri":"/account/","status_code":200,"time":"2021-05-02 16:07:10"}
time="2021-05-02T16:07:10+08:00" level=info client_ip="::1" req_method=GET req_uri=/account/ status_code=200
{"client_ip":"::1","level":"info","msg":"","req_method":"GET","req_uri":"/account/","status_code":200,"time":"2021-05-02 16:08:41"}
time="2021-05-02T16:08:41+08:00" level=info client_ip="::1" req_method=GET req_uri=/account/ status_code=200
{"client_ip":"::1","level":"info","msg":"","req_method":"GET","req_uri":"/account/","status_code":200,"time":"2021-05-02 16:17:16"}
time="2021-05-02T16:17:16+08:00" level=info client_ip="::1" req_method=GET req_uri=/account/ status_code=200
{"client_ip":"::1","level":"info","msg":"","req_method":"GET","req_uri":"/account/","status_code":200,"time":"2021-05-02 16:17:45"}
time="2021-05-02T16:17:45+08:00" level=info client_ip="::1" req_method=GET req_uri=/account/ status_code=200
